============================= test session starts ==============================
platform darwin -- Python 3.12.11, pytest-9.0.2, pluggy-1.6.0
django: version: 6.0.3, settings: hostel.settings (from ini)
rootdir: /Users/rushendra/Documents/Projects/HostelManagement/backend
configfile: pytest.ini
plugins: django-4.12.0
collected 14 items / 7 errors

==================================== ERRORS ====================================
____________________ ERROR collecting test_admin_booking.py ____________________
test_admin_booking.py:12: in <module>
    admin = User.objects.filter(role='admin').first()
            ^^^^^^^^^^^^^^^^^^^^^^^^^^^^^^^^^^^^^^^^^
.venv/lib/python3.12/site-packages/django/db/models/query.py:1145: in first
    for obj in queryset[:1]:
               ^^^^^^^^^^^^
.venv/lib/python3.12/site-packages/django/db/models/query.py:390: in __iter__
    self._fetch_all()
.venv/lib/python3.12/site-packages/django/db/models/query.py:2000: in _fetch_all
    self._result_cache = list(self._iterable_class(self))
                         ^^^^^^^^^^^^^^^^^^^^^^^^^^^^^^^^
.venv/lib/python3.12/site-packages/django/db/models/query.py:95: in __iter__
    results = compiler.execute_sql(
.venv/lib/python3.12/site-packages/django/db/models/sql/compiler.py:1622: in execute_sql
    cursor = self.connection.cursor()
             ^^^^^^^^^^^^^^^^^^^^^^^^
.venv/lib/python3.12/site-packages/django/utils/asyncio.py:26: in inner
    return func(*args, **kwargs)
           ^^^^^^^^^^^^^^^^^^^^^
.venv/lib/python3.12/site-packages/django/db/backends/base/base.py:320: in cursor
    return self._cursor()
           ^^^^^^^^^^^^^^
.venv/lib/python3.12/site-packages/django/db/backends/base/base.py:296: in _cursor
    self.ensure_connection()
E   RuntimeError: Database access not allowed, use the "django_db" mark, or the "db" or "transactional_db" fixtures to enable it.
_________________________ ERROR collecting test_api.py _________________________
test_api.py:10: in <module>
    res = User.objects.filter(role='resident').first()
          ^^^^^^^^^^^^^^^^^^^^^^^^^^^^^^^^^^^^^^^^^^^^
.venv/lib/python3.12/site-packages/django/db/models/query.py:1145: in first
    for obj in queryset[:1]:
               ^^^^^^^^^^^^
.venv/lib/python3.12/site-packages/django/db/models/query.py:390: in __iter__
    self._fetch_all()
.venv/lib/python3.12/site-packages/django/db/models/query.py:2000: in _fetch_all
    self._result_cache = list(self._iterable_class(self))
                         ^^^^^^^^^^^^^^^^^^^^^^^^^^^^^^^^
.venv/lib/python3.12/site-packages/django/db/models/query.py:95: in __iter__
    results = compiler.execute_sql(
.venv/lib/python3.12/site-packages/django/db/models/sql/compiler.py:1622: in execute_sql
    cursor = self.connection.cursor()
             ^^^^^^^^^^^^^^^^^^^^^^^^
.venv/lib/python3.12/site-packages/django/utils/asyncio.py:26: in inner
    return func(*args, **kwargs)
           ^^^^^^^^^^^^^^^^^^^^^
.venv/lib/python3.12/site-packages/django/db/backends/base/base.py:320: in cursor
    return self._cursor()
           ^^^^^^^^^^^^^^
.venv/lib/python3.12/site-packages/django/db/backends/base/base.py:296: in _cursor
    self.ensure_connection()
E   RuntimeError: Database access not allowed, use the "django_db" mark, or the "db" or "transactional_db" fixtures to enable it.
________________________ ERROR collecting test_api2.py _________________________
test_api2.py:13: in <module>
    res = User.objects.filter(role='resident').first()
          ^^^^^^^^^^^^^^^^^^^^^^^^^^^^^^^^^^^^^^^^^^^^
.venv/lib/python3.12/site-packages/django/db/models/query.py:1145: in first
    for obj in queryset[:1]:
               ^^^^^^^^^^^^
.venv/lib/python3.12/site-packages/django/db/models/query.py:390: in __iter__
    self._fetch_all()
.venv/lib/python3.12/site-packages/django/db/models/query.py:2000: in _fetch_all
    self._result_cache = list(self._iterable_class(self))
                         ^^^^^^^^^^^^^^^^^^^^^^^^^^^^^^^^
.venv/lib/python3.12/site-packages/django/db/models/query.py:95: in __iter__
    results = compiler.execute_sql(
.venv/lib/python3.12/site-packages/django/db/models/sql/compiler.py:1622: in execute_sql
    cursor = self.connection.cursor()
             ^^^^^^^^^^^^^^^^^^^^^^^^
.venv/lib/python3.12/site-packages/django/utils/asyncio.py:26: in inner
    return func(*args, **kwargs)
           ^^^^^^^^^^^^^^^^^^^^^
.venv/lib/python3.12/site-packages/django/db/backends/base/base.py:320: in cursor
    return self._cursor()
           ^^^^^^^^^^^^^^
.venv/lib/python3.12/site-packages/django/db/backends/base/base.py:296: in _cursor
    self.ensure_connection()
E   RuntimeError: Database access not allowed, use the "django_db" mark, or the "db" or "transactional_db" fixtures to enable it.
_____________________ ERROR collecting test_api_client.py ______________________
test_api_client.py:11: in <module>
    u = User.objects.filter(email='testres@example.com').first()
        ^^^^^^^^^^^^^^^^^^^^^^^^^^^^^^^^^^^^^^^^^^^^^^^^^^^^^^^^
.venv/lib/python3.12/site-packages/django/db/models/query.py:1145: in first
    for obj in queryset[:1]:
               ^^^^^^^^^^^^
.venv/lib/python3.12/site-packages/django/db/models/query.py:390: in __iter__
    self._fetch_all()
.venv/lib/python3.12/site-packages/django/db/models/query.py:2000: in _fetch_all
    self._result_cache = list(self._iterable_class(self))
                         ^^^^^^^^^^^^^^^^^^^^^^^^^^^^^^^^
.venv/lib/python3.12/site-packages/django/db/models/query.py:95: in __iter__
    results = compiler.execute_sql(
.venv/lib/python3.12/site-packages/django/db/models/sql/compiler.py:1622: in execute_sql
    cursor = self.connection.cursor()
             ^^^^^^^^^^^^^^^^^^^^^^^^
.venv/lib/python3.12/site-packages/django/utils/asyncio.py:26: in inner
    return func(*args, **kwargs)
           ^^^^^^^^^^^^^^^^^^^^^
.venv/lib/python3.12/site-packages/django/db/backends/base/base.py:320: in cursor
    return self._cursor()
           ^^^^^^^^^^^^^^
.venv/lib/python3.12/site-packages/django/db/backends/base/base.py:296: in _cursor
    self.ensure_connection()
E   RuntimeError: Database access not allowed, use the "django_db" mark, or the "db" or "transactional_db" fixtures to enable it.
_______________________ ERROR collecting test_approve.py _______________________
test_approve.py:10: in <module>
    admin = User.objects.filter(role='admin').first()
            ^^^^^^^^^^^^^^^^^^^^^^^^^^^^^^^^^^^^^^^^^
.venv/lib/python3.12/site-packages/django/db/models/query.py:1145: in first
    for obj in queryset[:1]:
               ^^^^^^^^^^^^
.venv/lib/python3.12/site-packages/django/db/models/query.py:390: in __iter__
    self._fetch_all()
.venv/lib/python3.12/site-packages/django/db/models/query.py:2000: in _fetch_all
    self._result_cache = list(self._iterable_class(self))
                         ^^^^^^^^^^^^^^^^^^^^^^^^^^^^^^^^
.venv/lib/python3.12/site-packages/django/db/models/query.py:95: in __iter__
    results = compiler.execute_sql(
.venv/lib/python3.12/site-packages/django/db/models/sql/compiler.py:1622: in execute_sql
    cursor = self.connection.cursor()
             ^^^^^^^^^^^^^^^^^^^^^^^^
.venv/lib/python3.12/site-packages/django/utils/asyncio.py:26: in inner
    return func(*args, **kwargs)
           ^^^^^^^^^^^^^^^^^^^^^
.venv/lib/python3.12/site-packages/django/db/backends/base/base.py:320: in cursor
    return self._cursor()
           ^^^^^^^^^^^^^^
.venv/lib/python3.12/site-packages/django/db/backends/base/base.py:296: in _cursor
    self.ensure_connection()
E   RuntimeError: Database access not allowed, use the "django_db" mark, or the "db" or "transactional_db" fixtures to enable it.
_______________________ ERROR collecting test_booking.py _______________________
test_booking.py:10: in <module>
    usr = User.objects.filter(role='resident').first()
          ^^^^^^^^^^^^^^^^^^^^^^^^^^^^^^^^^^^^^^^^^^^^
.venv/lib/python3.12/site-packages/django/db/models/query.py:1145: in first
    for obj in queryset[:1]:
               ^^^^^^^^^^^^
.venv/lib/python3.12/site-packages/django/db/models/query.py:390: in __iter__
    self._fetch_all()
.venv/lib/python3.12/site-packages/django/db/models/query.py:2000: in _fetch_all
    self._result_cache = list(self._iterable_class(self))
                         ^^^^^^^^^^^^^^^^^^^^^^^^^^^^^^^^
.venv/lib/python3.12/site-packages/django/db/models/query.py:95: in __iter__
    results = compiler.execute_sql(
.venv/lib/python3.12/site-packages/django/db/models/sql/compiler.py:1622: in execute_sql
    cursor = self.connection.cursor()
             ^^^^^^^^^^^^^^^^^^^^^^^^
.venv/lib/python3.12/site-packages/django/utils/asyncio.py:26: in inner
    return func(*args, **kwargs)
           ^^^^^^^^^^^^^^^^^^^^^
.venv/lib/python3.12/site-packages/django/db/backends/base/base.py:320: in cursor
    return self._cursor()
           ^^^^^^^^^^^^^^
.venv/lib/python3.12/site-packages/django/db/backends/base/base.py:296: in _cursor
    self.ensure_connection()
E   RuntimeError: Database access not allowed, use the "django_db" mark, or the "db" or "transactional_db" fixtures to enable it.
________________________ ERROR collecting test_token.py ________________________
test_token.py:11: in <module>
    usr = User.objects.filter(role='resident').first()
          ^^^^^^^^^^^^^^^^^^^^^^^^^^^^^^^^^^^^^^^^^^^^
.venv/lib/python3.12/site-packages/django/db/models/query.py:1145: in first
    for obj in queryset[:1]:
               ^^^^^^^^^^^^
.venv/lib/python3.12/site-packages/django/db/models/query.py:390: in __iter__
    self._fetch_all()
.venv/lib/python3.12/site-packages/django/db/models/query.py:2000: in _fetch_all
    self._result_cache = list(self._iterable_class(self))
                         ^^^^^^^^^^^^^^^^^^^^^^^^^^^^^^^^
.venv/lib/python3.12/site-packages/django/db/models/query.py:95: in __iter__
    results = compiler.execute_sql(
.venv/lib/python3.12/site-packages/django/db/models/sql/compiler.py:1622: in execute_sql
    cursor = self.connection.cursor()
             ^^^^^^^^^^^^^^^^^^^^^^^^
.venv/lib/python3.12/site-packages/django/utils/asyncio.py:26: in inner
    return func(*args, **kwargs)
           ^^^^^^^^^^^^^^^^^^^^^
.venv/lib/python3.12/site-packages/django/db/backends/base/base.py:320: in cursor
    return self._cursor()
           ^^^^^^^^^^^^^^
.venv/lib/python3.12/site-packages/django/db/backends/base/base.py:296: in _cursor
    self.ensure_connection()
E   RuntimeError: Database access not allowed, use the "django_db" mark, or the "db" or "transactional_db" fixtures to enable it.
=========================== short test summary info ============================
ERROR test_admin_booking.py - RuntimeError: Database access not allowed, use ...
ERROR test_api.py - RuntimeError: Database access not allowed, use the "djang...
ERROR test_api2.py - RuntimeError: Database access not allowed, use the "djan...
ERROR test_api_client.py - RuntimeError: Database access not allowed, use the...
ERROR test_approve.py - RuntimeError: Database access not allowed, use the "d...
ERROR test_booking.py - RuntimeError: Database access not allowed, use the "d...
ERROR test_token.py - RuntimeError: Database access not allowed, use the "dja...
!!!!!!!!!!!!!!!!!!! Interrupted: 7 errors during collection !!!!!!!!!!!!!!!!!!!!
============================== 7 errors in 0.58s ===============================
